<?xml version="1.0" encoding="UTF-8"?>
<testsuite xmlns:xsi="http://www.w3.org/2001/XMLSchema-instance" xsi:noNamespaceSchemaLocation="https://maven.apache.org/surefire/maven-surefire-plugin/xsd/surefire-test-report-3.0.xsd" version="3.0" name="runner.runner" time="118.234" tests="5" errors="0" skipped="0" failures="2">
  <properties>
[...]
</properties>
  <testcase name="runScenario[&quot;Verify that new customer can be added successfully&quot;, &quot;New customer&quot;](1)" classname="runner.runner" time="50.842">
    <failure message="Cannot find email address expected [true] but found [false]" type="java.lang.AssertionError"><![CDATA[java.lang.AssertionError: Cannot find email address expected [true] but found [false]
	at org.testng.Assert.fail(Assert.java:110)
	at org.testng.Assert.failNotEquals(Assert.java:1413)
	at org.testng.Assert.assertTrue(Assert.java:56)
	at StepsDefinition.newCustomerSteps.customer_unique_email_address_should_reflect_in_customers_list(newCustomerSteps.java:110)
	at ✽.customer unique email address should reflect in customers list(file:///C:/Users/lerato.motshabi/NewSpace/CucumberFramework.nopCommerce/src/test/resources/features/addNewCustomerSteps.feature:34)
]]></failure>
    <system-out><![CDATA[
Scenario: Verify that new customer can be added successfully              # src/test/resources/features/addNewCustomerSteps.feature:26
  Given user can login to nopCommerce dashboard                           # StepsDefinition.newCustomerSteps.user_can_login_to_nop_commerce_dashboard()
  And user is in customers page                                           # StepsDefinition.newCustomerSteps.user_is_in_customers_page()
  When user clicks add new button                                         # StepsDefinition.newCustomerSteps.user_clicks_add_new_button()
  And user enters "<email>" in email                                      # StepsDefinition.newCustomerSteps.user_enters_in_email(java.lang.String)
Roloe is Registered
  And user enters guest or registered in customer role                    # StepsDefinition.newCustomerSteps.user_enters_guest_or_registered_in_customer_role()
  And user clicks save button                                             # StepsDefinition.newCustomerSteps.user_clicks_save_button()
  Then MESSAGE The new customer has been added successfully. MUST DISPLAY # StepsDefinition.newCustomerSteps.message_the_new_customer_has_been_added_successfully_must_display()
  And customer unique email address should reflect in customers list      # StepsDefinition.newCustomerSteps.customer_unique_email_address_should_reflect_in_customers_list()
      java.lang.AssertionError: Cannot find email address expected [true] but found [false]
	at org.testng.Assert.fail(Assert.java:110)
	at org.testng.Assert.failNotEquals(Assert.java:1413)
	at org.testng.Assert.assertTrue(Assert.java:56)
	at StepsDefinition.newCustomerSteps.customer_unique_email_address_should_reflect_in_customers_list(newCustomerSteps.java:110)
	at ✽.customer unique email address should reflect in customers list(file:///C:/Users/lerato.motshabi/NewSpace/CucumberFramework.nopCommerce/src/test/resources/features/addNewCustomerSteps.feature:34)

  And user clicks logout button                                           # StepsDefinition.loginSteps.user_clicks_logout_button()
]]></system-out>
    <system-err><![CDATA[SLF4J: Failed to load class "org.slf4j.impl.StaticLoggerBinder".
SLF4J: Defaulting to no-operation (NOP) logger implementation
SLF4J: See http://www.slf4j.org/codes.html#StaticLoggerBinder for further details.
Starting ChromeDriver 105.0.5195.52 (412c95e518836d8a7d97250d62b29c2ae6a26a85-refs/branch-heads/5195@{#853}) on port 57897
Only local connections are allowed.
Please see https://chromedriver.chromium.org/security-considerations for suggestions on keeping ChromeDriver safe.
ChromeDriver was started successfully.
Sep 02, 2022 10:00:34 AM org.openqa.selenium.remote.ProtocolHandshake createSession
INFO: Detected dialect: W3C
Sep 02, 2022 10:00:35 AM org.openqa.selenium.devtools.CdpVersionFinder findNearestMatch
WARNING: Unable to find an exact match for CDP version 105, so returning the closest version found: a no-op implementation
Sep 02, 2022 10:00:35 AM org.openqa.selenium.devtools.CdpVersionFinder findNearestMatch
INFO: Unable to find CDP implementation matching 105.
Sep 02, 2022 10:00:35 AM org.openqa.selenium.chromium.ChromiumDriver lambda$new$3
WARNING: Unable to find version of CDP to use for . You may need to include a dependency on a specific version of the CDP using something similar to `org.seleniumhq.selenium:selenium-devtools-v86:4.0.0` where the version ("v86") matches the version of the chromium-based browser you're using and the version number of the artifact is the same as Selenium's.
]]></system-err>
  </testcase>
  <testcase name="runScenario[&quot;Verify that customer details can be edited successfully&quot;, &quot;New customer&quot;](2)" classname="runner.runner" time="24.109">
    <system-out><![CDATA[
Scenario: Verify that customer details can be edited successfully       # src/test/resources/features/addNewCustomerSteps.feature:39
  Given user can login to nopCommerce dashboard                         # StepsDefinition.newCustomerSteps.user_can_login_to_nop_commerce_dashboard()
  And user is in customers page                                         # StepsDefinition.newCustomerSteps.user_is_in_customers_page()
  When user clicks Edit button                                          # StepsDefinition.newCustomerSteps.user_clicks_edit_button()
  And user enters first name                                            # StepsDefinition.newCustomerSteps.user_enters_first_name()
  And user clicks save button                                           # StepsDefinition.newCustomerSteps.user_clicks_save_button()
  Then MESSAGE The customer has been updated successfully. MUST DISPLAY # StepsDefinition.newCustomerSteps.message_the_customer_has_been_updated_successfully_must_display()
  And customer updated name should reflect in customers list            # StepsDefinition.newCustomerSteps.customer_updated_name_should_reflect_in_customers_list()
  And user clicks logout button                                         # StepsDefinition.loginSteps.user_clicks_logout_button()
]]></system-out>
    <system-err><![CDATA[Starting ChromeDriver 105.0.5195.52 (412c95e518836d8a7d97250d62b29c2ae6a26a85-refs/branch-heads/5195@{#853}) on port 52471
Only local connections are allowed.
Please see https://chromedriver.chromium.org/security-considerations for suggestions on keeping ChromeDriver safe.
ChromeDriver was started successfully.
Sep 02, 2022 10:01:19 AM org.openqa.selenium.remote.ProtocolHandshake createSession
INFO: Detected dialect: W3C
Sep 02, 2022 10:01:19 AM org.openqa.selenium.devtools.CdpVersionFinder findNearestMatch
WARNING: Unable to find an exact match for CDP version 105, so returning the closest version found: a no-op implementation
Sep 02, 2022 10:01:19 AM org.openqa.selenium.devtools.CdpVersionFinder findNearestMatch
INFO: Unable to find CDP implementation matching 105.
Sep 02, 2022 10:01:19 AM org.openqa.selenium.chromium.ChromiumDriver lambda$new$3
WARNING: Unable to find version of CDP to use for . You may need to include a dependency on a specific version of the CDP using something similar to `org.seleniumhq.selenium:selenium-devtools-v86:4.0.0` where the version ("v86") matches the version of the chromium-based browser you're using and the version number of the artifact is the same as Selenium's.
]]></system-err>
  </testcase>
  <testcase name="runScenario[&quot;Verify user can login with valid email address and password&quot;, &quot;login page&quot;](3)" classname="runner.runner" time="14.291">
    <failure message="You are not in admin Page expected [Dashboard / nopCommerce administration12345] but found [Dashboard / nopCommerce administration]" type="java.lang.AssertionError"><![CDATA[java.lang.AssertionError: You are not in admin Page expected [Dashboard / nopCommerce administration12345] but found [Dashboard / nopCommerce administration]
	at org.testng.Assert.fail(Assert.java:110)
	at org.testng.Assert.failNotEquals(Assert.java:1413)
	at org.testng.Assert.assertEqualsImpl(Assert.java:149)
	at org.testng.Assert.assertEquals(Assert.java:131)
	at org.testng.Assert.assertEquals(Assert.java:655)
	at StepsDefinition.loginSteps.user_should_be_in_admin_page(loginSteps.java:48)
	at ✽.user should be in admin page(file:///C:/Users/lerato.motshabi/NewSpace/CucumberFramework.nopCommerce/src/test/resources/features/loginSteps.feature:29)
]]></failure>
    <system-out><![CDATA[
Scenario: Verify user can login with valid email address and password # src/test/resources/features/loginSteps.feature:24
  Given user is in nopCormmece login page                             # StepsDefinition.loginSteps.user_is_in_nop_cormmece_login_page()
  When user enters valid email address                                # StepsDefinition.loginSteps.user_enters_valid_email_address()
  And user enters valid password                                      # StepsDefinition.loginSteps.user_enters_valid_password()
  And user clicks login button                                        # StepsDefinition.loginSteps.user_clicks_login_button()
  Then user should be in admin page                                   # StepsDefinition.loginSteps.user_should_be_in_admin_page()
      java.lang.AssertionError: You are not in admin Page expected [Dashboard / nopCommerce administration12345] but found [Dashboard / nopCommerce administration]
	at org.testng.Assert.fail(Assert.java:110)
	at org.testng.Assert.failNotEquals(Assert.java:1413)
	at org.testng.Assert.assertEqualsImpl(Assert.java:149)
	at org.testng.Assert.assertEquals(Assert.java:131)
	at org.testng.Assert.assertEquals(Assert.java:655)
	at StepsDefinition.loginSteps.user_should_be_in_admin_page(loginSteps.java:48)
	at ✽.user should be in admin page(file:///C:/Users/lerato.motshabi/NewSpace/CucumberFramework.nopCommerce/src/test/resources/features/loginSteps.feature:29)

  And user clicks logout button                                       # StepsDefinition.loginSteps.user_clicks_logout_button()
]]></system-out>
    <system-err><![CDATA[Starting ChromeDriver 105.0.5195.52 (412c95e518836d8a7d97250d62b29c2ae6a26a85-refs/branch-heads/5195@{#853}) on port 57671
Only local connections are allowed.
Please see https://chromedriver.chromium.org/security-considerations for suggestions on keeping ChromeDriver safe.
ChromeDriver was started successfully.
Sep 02, 2022 10:01:43 AM org.openqa.selenium.remote.ProtocolHandshake createSession
INFO: Detected dialect: W3C
Sep 02, 2022 10:01:44 AM org.openqa.selenium.devtools.CdpVersionFinder findNearestMatch
WARNING: Unable to find an exact match for CDP version 105, so returning the closest version found: a no-op implementation
Sep 02, 2022 10:01:44 AM org.openqa.selenium.devtools.CdpVersionFinder findNearestMatch
INFO: Unable to find CDP implementation matching 105.
Sep 02, 2022 10:01:44 AM org.openqa.selenium.chromium.ChromiumDriver lambda$new$3
WARNING: Unable to find version of CDP to use for . You may need to include a dependency on a specific version of the CDP using something similar to `org.seleniumhq.selenium:selenium-devtools-v86:4.0.0` where the version ("v86") matches the version of the chromium-based browser you're using and the version number of the artifact is the same as Selenium's.
]]></system-err>
  </testcase>
  <testcase name="runScenario[&quot;Verify user cannot login with invalid email address and valid password&quot;, &quot;login page&quot;](4)" classname="runner.runner" time="9.547">
    <system-out><![CDATA[
Scenario Outline: Verify user cannot login with invalid email address and valid password # src/test/resources/features/loginSteps.feature:35
  Given user is in nopCormmece login page                                                # StepsDefinition.loginSteps.user_is_in_nop_cormmece_login_page()
  When user enters invalid email address                                                 # StepsDefinition.loginSteps.user_enters_invalid_email_address()
  And user enters valid password                                                         # StepsDefinition.loginSteps.user_enters_valid_password()
  And user clicks login button                                                           # StepsDefinition.loginSteps.user_clicks_login_button()
  Then MESSAGE No customer account found SHOULD DISPLAY                                  # StepsDefinition.loginSteps.message_no_customer_account_found_should_display()
]]></system-out>
    <system-err><![CDATA[Starting ChromeDriver 105.0.5195.52 (412c95e518836d8a7d97250d62b29c2ae6a26a85-refs/branch-heads/5195@{#853}) on port 51774
Only local connections are allowed.
Please see https://chromedriver.chromium.org/security-considerations for suggestions on keeping ChromeDriver safe.
ChromeDriver was started successfully.
Sep 02, 2022 10:01:57 AM org.openqa.selenium.remote.ProtocolHandshake createSession
INFO: Detected dialect: W3C
Sep 02, 2022 10:01:57 AM org.openqa.selenium.devtools.CdpVersionFinder findNearestMatch
WARNING: Unable to find an exact match for CDP version 105, so returning the closest version found: a no-op implementation
Sep 02, 2022 10:01:57 AM org.openqa.selenium.devtools.CdpVersionFinder findNearestMatch
INFO: Unable to find CDP implementation matching 105.
Sep 02, 2022 10:01:57 AM org.openqa.selenium.chromium.ChromiumDriver lambda$new$3
WARNING: Unable to find version of CDP to use for . You may need to include a dependency on a specific version of the CDP using something similar to `org.seleniumhq.selenium:selenium-devtools-v86:4.0.0` where the version ("v86") matches the version of the chromium-based browser you're using and the version number of the artifact is the same as Selenium's.
]]></system-err>
  </testcase>
  <testcase name="runScenario[&quot;Verify user cannot login with valid email address and invalid password&quot;, &quot;login page&quot;](5)" classname="runner.runner" time="10.911">
    <system-out><![CDATA[
Scenario Outline: Verify user cannot login with valid email address and invalid password # src/test/resources/features/loginSteps.feature:44
  Given user is in nopCormmece login page                                                # StepsDefinition.loginSteps.user_is_in_nop_cormmece_login_page()
  When user enters valid email address                                                   # StepsDefinition.loginSteps.user_enters_valid_email_address()
  And user enters invalid password                                                       # StepsDefinition.loginSteps.user_enters_invalid_password()
  And user clicks login button                                                           # StepsDefinition.loginSteps.user_clicks_login_button()
  Then MESSAGE The credentials provided are incorrect SHOULD DISPLAY                     # StepsDefinition.loginSteps.message_the_credentials_provided_are_incorrect_should_display()
]]></system-out>
    <system-err><![CDATA[Starting ChromeDriver 105.0.5195.52 (412c95e518836d8a7d97250d62b29c2ae6a26a85-refs/branch-heads/5195@{#853}) on port 51659
Only local connections are allowed.
Please see https://chromedriver.chromium.org/security-considerations for suggestions on keeping ChromeDriver safe.
ChromeDriver was started successfully.
Sep 02, 2022 10:02:06 AM org.openqa.selenium.remote.ProtocolHandshake createSession
INFO: Detected dialect: W3C
Sep 02, 2022 10:02:06 AM org.openqa.selenium.devtools.CdpVersionFinder findNearestMatch
WARNING: Unable to find an exact match for CDP version 105, so returning the closest version found: a no-op implementation
Sep 02, 2022 10:02:06 AM org.openqa.selenium.devtools.CdpVersionFinder findNearestMatch
INFO: Unable to find CDP implementation matching 105.
Sep 02, 2022 10:02:06 AM org.openqa.selenium.chromium.ChromiumDriver lambda$new$3
WARNING: Unable to find version of CDP to use for . You may need to include a dependency on a specific version of the CDP using something similar to `org.seleniumhq.selenium:selenium-devtools-v86:4.0.0` where the version ("v86") matches the version of the chromium-based browser you're using and the version number of the artifact is the same as Selenium's.
]]></system-err>
  </testcase>
</testsuite>